# JRE version: Java(TM) SE Runtime Environment (8.0_201-b09) (build 1.8.0_201-b09)
# Java VM: Java HotSpot(TM) 64-Bit Server VM (25.201-b09 mixed mode linux-amd64 compressed oops)
Heap:
 PSYoungGen      total 445440K, used 14816K [0x00000000d6e00000, 0x00000000f3080000, 0x0000000100000000)
  eden space 430592K, 0% used [0x00000000d6e00000,0x00000000d6e00000,0x00000000f1280000)
  from space 14848K, 99% used [0x00000000f1380000,0x00000000f21f8318,0x00000000f2200000)
  to   space 13312K, 0% used [0x00000000f2380000,0x00000000f2380000,0x00000000f3080000)
 ParOldGen       total 84480K, used 30604K [0x0000000084a00000, 0x0000000089c80000, 0x00000000d6e00000)
  object space 84480K, 36% used [0x0000000084a00000,0x00000000867e3368,0x0000000089c80000)
 Metaspace       used 52885K, capacity 53501K, committed 53888K, reserved 1095680K
  class space    used 6864K, capacity 7004K, committed 7040K, reserved 1048576K
GC Heap History (10 events):
Event: 6.327 GC heap after
Heap after GC invocations=10 (full 1):
 PSYoungGen      total 224256K, used 10216K [0x00000000d6e00000, 0x00000000eb680000, 0x0000000100000000)
  eden space 214016K, 0% used [0x00000000d6e00000,0x00000000d6e00000,0x00000000e3f00000)
  from space 10240K, 99% used [0x00000000e3f00000,0x00000000e48fa258,0x00000000e4900000)
  to   space 12800K, 0% used [0x00000000eaa00000,0x00000000eaa00000,0x00000000eb680000)
 ParOldGen       total 56320K, used 14553K [0x0000000084a00000, 0x0000000088100000, 0x00000000d6e00000)
  object space 56320K, 25% used [0x0000000084a00000,0x00000000858364e8,0x0000000088100000)
 Metaspace       used 27206K, capacity 27665K, committed 27904K, reserved 1073152K
  class space    used 3452K, capacity 3578K, committed 3584K, reserved 1048576K
}
Event: 8.729 GC heap before
{Heap before GC invocations=11 (full 1):
 PSYoungGen      total 224256K, used 224232K [0x00000000d6e00000, 0x00000000eb680000, 0x0000000100000000)
  eden space 214016K, 100% used [0x00000000d6e00000,0x00000000e3f00000,0x00000000e3f00000)
  from space 10240K, 99% used [0x00000000e3f00000,0x00000000e48fa258,0x00000000e4900000)
  to   space 12800K, 0% used [0x00000000eaa00000,0x00000000eaa00000,0x00000000eb680000)
 ParOldGen       total 56320K, used 14553K [0x0000000084a00000, 0x0000000088100000, 0x00000000d6e00000)
  object space 56320K, 25% used [0x0000000084a00000,0x00000000858364e8,0x0000000088100000)
 Metaspace       used 31532K, capacity 32041K, committed 32384K, reserved 1077248K
  class space    used 4020K, capacity 4142K, committed 4224K, reserved 1048576K
Event: 8.748 GC heap after
Heap after GC invocations=11 (full 1):
 PSYoungGen      total 316416K, used 9748K [0x00000000d6e00000, 0x00000000eb400000, 0x0000000100000000)
  eden space 306176K, 0% used [0x00000000d6e00000,0x00000000d6e00000,0x00000000e9900000)
  from space 10240K, 95% used [0x00000000eaa00000,0x00000000eb385110,0x00000000eb400000)
  to   space 13312K, 0% used [0x00000000e9a00000,0x00000000e9a00000,0x00000000ea700000)
 ParOldGen       total 56320K, used 19091K [0x0000000084a00000, 0x0000000088100000, 0x00000000d6e00000)
  object space 56320K, 33% used [0x0000000084a00000,0x0000000085ca4c48,0x0000000088100000)
 Metaspace       used 31532K, capacity 32041K, committed 32384K, reserved 1077248K
  class space    used 4020K, capacity 4142K, committed 4224K, reserved 1048576K
}
Event: 9.802 GC heap before
{Heap before GC invocations=12 (full 1):
 PSYoungGen      total 316416K, used 99341K [0x00000000d6e00000, 0x00000000eb400000, 0x0000000100000000)
  eden space 306176K, 29% used [0x00000000d6e00000,0x00000000dc57e550,0x00000000e9900000)
  from space 10240K, 95% used [0x00000000eaa00000,0x00000000eb385110,0x00000000eb400000)
  to   space 13312K, 0% used [0x00000000e9a00000,0x00000000e9a00000,0x00000000ea700000)
 ParOldGen       total 56320K, used 19091K [0x0000000084a00000, 0x0000000088100000, 0x00000000d6e00000)
  object space 56320K, 33% used [0x0000000084a00000,0x0000000085ca4c48,0x0000000088100000)
 Metaspace       used 34875K, capacity 35347K, committed 35456K, reserved 1081344K
  class space    used 4350K, capacity 4469K, committed 4480K, reserved 1048576K
Event: 9.821 GC heap after
Heap after GC invocations=12 (full 1):
 PSYoungGen      total 320512K, used 5014K [0x00000000d6e00000, 0x00000000f3080000, 0x0000000100000000)
  eden space 307200K, 0% used [0x00000000d6e00000,0x00000000d6e00000,0x00000000e9a00000)
  from space 13312K, 37% used [0x00000000e9a00000,0x00000000e9ee59b8,0x00000000ea700000)
  to   space 13312K, 0% used [0x00000000f2380000,0x00000000f2380000,0x00000000f3080000)
 ParOldGen       total 56320K, used 24230K [0x0000000084a00000, 0x0000000088100000, 0x00000000d6e00000)
  object space 56320K, 43% used [0x0000000084a00000,0x00000000861a9918,0x0000000088100000)
 Metaspace       used 34875K, capacity 35347K, committed 35456K, reserved 1081344K
  class space    used 4350K, capacity 4469K, committed 4480K, reserved 1048576K
}
Event: 9.821 GC heap before
{Heap before GC invocations=13 (full 2):
 PSYoungGen      total 320512K, used 5014K [0x00000000d6e00000, 0x00000000f3080000, 0x0000000100000000)
  eden space 307200K, 0% used [0x00000000d6e00000,0x00000000d6e00000,0x00000000e9a00000)
  from space 13312K, 37% used [0x00000000e9a00000,0x00000000e9ee59b8,0x00000000ea700000)
  to   space 13312K, 0% used [0x00000000f2380000,0x00000000f2380000,0x00000000f3080000)
 ParOldGen       total 56320K, used 24230K [0x0000000084a00000, 0x0000000088100000, 0x00000000d6e00000)
  object space 56320K, 43% used [0x0000000084a00000,0x00000000861a9918,0x0000000088100000)
 Metaspace       used 34875K, capacity 35347K, committed 35456K, reserved 1081344K
  class space    used 4350K, capacity 4469K, committed 4480K, reserved 1048576K
Event: 9.889 GC heap after
Heap after GC invocations=13 (full 2):
 PSYoungGen      total 320512K, used 0K [0x00000000d6e00000, 0x00000000f3080000, 0x0000000100000000)
  eden space 307200K, 0% used [0x00000000d6e00000,0x00000000d6e00000,0x00000000e9a00000)
  from space 13312K, 0% used [0x00000000e9a00000,0x00000000e9a00000,0x00000000ea700000)
  to   space 13312K, 0% used [0x00000000f2380000,0x00000000f2380000,0x00000000f3080000)
 ParOldGen       total 84480K, used 23066K [0x0000000084a00000, 0x0000000089c80000, 0x00000000d6e00000)
  object space 84480K, 27% used [0x0000000084a00000,0x0000000086086a08,0x0000000089c80000)
 Metaspace       used 34875K, capacity 35347K, committed 35456K, reserved 1081344K
  class space    used 4350K, capacity 4469K, committed 4480K, reserved 1048576K
}
Event: 12.810 GC heap before
{Heap before GC invocations=14 (full 2):
 PSYoungGen      total 320512K, used 307200K [0x00000000d6e00000, 0x00000000f3080000, 0x0000000100000000)
  eden space 307200K, 100% used [0x00000000d6e00000,0x00000000e9a00000,0x00000000e9a00000)
  from space 13312K, 0% used [0x00000000e9a00000,0x00000000e9a00000,0x00000000ea700000)
  to   space 13312K, 0% used [0x00000000f2380000,0x00000000f2380000,0x00000000f3080000)
 ParOldGen       total 84480K, used 23066K [0x0000000084a00000, 0x0000000089c80000, 0x00000000d6e00000)
  object space 84480K, 27% used [0x0000000084a00000,0x0000000086086a08,0x0000000089c80000)
 Metaspace       used 43104K, capacity 43689K, committed 43904K, reserved 1087488K
  class space    used 5584K, capacity 5726K, committed 5760K, reserved 1048576K
Event: 12.847 GC heap after
Heap after GC invocations=14 (full 2):
 PSYoungGen      total 443904K, used 13298K [0x00000000d6e00000, 0x00000000f3080000, 0x0000000100000000)
  eden space 430592K, 0% used [0x00000000d6e00000,0x00000000d6e00000,0x00000000f1280000)
  from space 13312K, 99% used [0x00000000f2380000,0x00000000f307c850,0x00000000f3080000)
  to   space 14848K, 0% used [0x00000000f1380000,0x00000000f1380000,0x00000000f2200000)
 ParOldGen       total 84480K, used 23136K [0x0000000084a00000, 0x0000000089c80000, 0x00000000d6e00000)
  object space 84480K, 27% used [0x0000000084a00000,0x00000000860980e0,0x0000000089c80000)
 Metaspace       used 43104K, capacity 43689K, committed 43904K, reserved 1087488K
  class space    used 5584K, capacity 5726K, committed 5760K, reserved 1048576K
}
Event: 16.533 GC heap before
{Heap before GC invocations=15 (full 2):
 PSYoungGen      total 443904K, used 443890K [0x00000000d6e00000, 0x00000000f3080000, 0x0000000100000000)
  eden space 430592K, 100% used [0x00000000d6e00000,0x00000000f1280000,0x00000000f1280000)
  from space 13312K, 99% used [0x00000000f2380000,0x00000000f307c850,0x00000000f3080000)
  to   space 14848K, 0% used [0x00000000f1380000,0x00000000f1380000,0x00000000f2200000)
 ParOldGen       total 84480K, used 23136K [0x0000000084a00000, 0x0000000089c80000, 0x00000000d6e00000)
  object space 84480K, 27% used [0x0000000084a00000,0x00000000860980e0,0x0000000089c80000)
 Metaspace       used 52885K, capacity 53501K, committed 53888K, reserved 1095680K
  class space    used 6864K, capacity 7004K, committed 7040K, reserved 1048576K

